<?xml version="1.0" encoding="UTF-8"?>
<!-- Generated by org.testng.reporters.JUnitReportReporter -->
<testsuite skipped="0" hostname="ayush-Inspiron-3542" name="Backbase.ComputerDatabase.ComputerDatabaseTests" tests="5" failures="0" timestamp="12 Jun 2018 06:44:36 GMT" time="6.240" errors="0">
  <testcase name="addTest" time="1.326" classname="Backbase.ComputerDatabase.ComputerDatabaseTests"/>
  <testcase name="filterTest" time="1.277" classname="Backbase.ComputerDatabase.ComputerDatabaseTests"/>
  <testcase name="editTest" time="1.386" classname="Backbase.ComputerDatabase.ComputerDatabaseTests"/>
  <testcase name="checkNonAvailableItem" time="0.908" classname="Backbase.ComputerDatabase.ComputerDatabaseTests"/>
  <testcase name="deleteTest" time="1.343" classname="Backbase.ComputerDatabase.ComputerDatabaseTests"/>
</testsuite> <!-- Backbase.ComputerDatabase.ComputerDatabaseTests -->
